This file contains any messages produced by compilers while
running configure, to aid debugging if configure makes a mistake.

It was created by npfs configure 0.1, which was
generated by GNU Autoconf 2.59.  Invocation command line was

  $ ./configure 

## --------- ##
## Platform. ##
## --------- ##

hostname = arlx003.austin.ibm.com
uname -m = i686
uname -r = 2.6.9-22.0.1.ELsmp
uname -s = Linux
uname -v = #1 SMP Tue Oct 18 18:39:27 EDT 2005

/usr/bin/uname -p = unknown
/bin/uname -X     = unknown

/bin/arch              = i686
/usr/bin/arch -k       = unknown
/usr/convex/getsysinfo = unknown
hostinfo               = unknown
/bin/machine           = unknown
/usr/bin/oslevel       = unknown
/bin/universe          = unknown

PATH: /usr/kerberos/bin
PATH: /usr/lib/ccache/bin
PATH: /usr/local/bin
PATH: /bin
PATH: /usr/bin
PATH: /usr/X11R6/bin
PATH: /n/arlx007/n0/bnpisupa/i686-to-ppc-binarychain/usr/local/linkstation/gcc-3.4.4-glibc-2.3.5/powerpc-hdhglan-linux/bin/


## ----------- ##
## Core tests. ##
## ----------- ##

configure:1356: checking for a BSD-compatible install
configure:1411: result: /usr/bin/install -c
configure:1422: checking whether build environment is sane
configure:1465: result: yes
configure:1480: checking whether make sets $(MAKE)
configure:1500: result: yes
configure:1532: checking for working aclocal-1.4
configure:1539: result: found
configure:1547: checking for working autoconf
configure:1554: result: found
configure:1562: checking for working automake-1.4
configure:1569: result: found
configure:1577: checking for working autoheader
configure:1584: result: found
configure:1592: checking for working makeinfo
configure:1599: result: found
configure:1621: checking build system type
configure:1639: result: i686-pc-linux-gnu
configure:1647: checking host system type
configure:1661: result: i686-pc-linux-gnu
configure:1684: checking for a BSD-compatible install
configure:1739: result: /usr/bin/install -c
configure:1796: checking for gcc
configure:1812: found /usr/lib/ccache/bin/gcc
configure:1822: result: gcc
configure:2066: checking for C compiler version
configure:2069: gcc --version </dev/null >&5
gcc (GCC) 3.4.4 20050721 (Red Hat 3.4.4-2)
Copyright (C) 2004 Free Software Foundation, Inc.
This is free software; see the source for copying conditions.  There is NO
warranty; not even for MERCHANTABILITY or FITNESS FOR A PARTICULAR PURPOSE.

configure:2072: $? = 0
configure:2074: gcc -v </dev/null >&5
Reading specs from /usr/lib/gcc/i386-redhat-linux/3.4.4/specs
Configured with: ../configure --prefix=/usr --mandir=/usr/share/man --infodir=/usr/share/info --enable-shared --enable-threads=posix --disable-checking --with-system-zlib --enable-__cxa_atexit --disable-libunwind-exceptions --enable-java-awt=gtk --host=i386-redhat-linux
Thread model: posix
gcc version 3.4.4 20050721 (Red Hat 3.4.4-2)
configure:2077: $? = 0
configure:2079: gcc -V </dev/null >&5
gcc: `-V' option must have argument
configure:2082: $? = 1
configure:2105: checking for C compiler default output file name
configure:2108: gcc    conftest.c  >&5
configure:2111: $? = 0
configure:2157: result: a.out
configure:2162: checking whether the C compiler works
configure:2168: ./a.out
configure:2171: $? = 0
configure:2188: result: yes
configure:2195: checking whether we are cross compiling
configure:2197: result: no
configure:2200: checking for suffix of executables
configure:2202: gcc -o conftest    conftest.c  >&5
configure:2205: $? = 0
configure:2230: result: 
configure:2236: checking for suffix of object files
configure:2257: gcc -c   conftest.c >&5
configure:2260: $? = 0
configure:2282: result: o
configure:2286: checking whether we are using the GNU C compiler
configure:2310: gcc -c   conftest.c >&5
configure:2316: $? = 0
configure:2319: test -z 			 || test ! -s conftest.err
configure:2322: $? = 0
configure:2325: test -s conftest.o
configure:2328: $? = 0
configure:2341: result: yes
configure:2347: checking whether gcc accepts -g
configure:2368: gcc -c -g  conftest.c >&5
configure:2374: $? = 0
configure:2377: test -z 			 || test ! -s conftest.err
configure:2380: $? = 0
configure:2383: test -s conftest.o
configure:2386: $? = 0
configure:2397: result: yes
configure:2414: checking for gcc option to accept ANSI C
configure:2484: gcc  -c -g -O2  conftest.c >&5
configure:2490: $? = 0
configure:2493: test -z 			 || test ! -s conftest.err
configure:2496: $? = 0
configure:2499: test -s conftest.o
configure:2502: $? = 0
configure:2520: result: none needed
configure:2538: gcc -c -g -O2  conftest.c >&5
conftest.c:2: error: syntax error before "me"
configure:2544: $? = 1
configure: failed program was:
| #ifndef __cplusplus
|   choke me
| #endif
configure:2715: checking for ranlib
configure:2731: found /usr/bin/ranlib
configure:2742: result: ranlib
configure:2767: checking for dirent.h that defines DIR
configure:2791: gcc -c -g -O2  conftest.c >&5
configure:2797: $? = 0
configure:2800: test -z 			 || test ! -s conftest.err
configure:2803: $? = 0
configure:2806: test -s conftest.o
configure:2809: $? = 0
configure:2820: result: yes
configure:2833: checking for library containing opendir
configure:2863: gcc -o conftest -g -O2   conftest.c  >&5
configure:2869: $? = 0
configure:2872: test -z 			 || test ! -s conftest.err
configure:2875: $? = 0
configure:2878: test -s conftest
configure:2881: $? = 0
configure:2950: result: none required
configure:3089: checking how to run the C preprocessor
configure:3124: gcc -E  conftest.c
configure:3130: $? = 0
configure:3162: gcc -E  conftest.c
conftest.c:12:28: ac_nonexistent.h: No such file or directory
configure:3168: $? = 1
configure: failed program was:
| /* confdefs.h.  */
| 
| #define PACKAGE_NAME "npfs"
| #define PACKAGE_TARNAME "npfs"
| #define PACKAGE_VERSION "0.1"
| #define PACKAGE_STRING "npfs 0.1"
| #define PACKAGE_BUGREPORT "ericvh@gmail.com"
| #define PACKAGE "npfs"
| #define VERSION "0.1"
| #define HAVE_DIRENT_H 1
| /* end confdefs.h.  */
| #include <ac_nonexistent.h>
configure:3207: result: gcc -E
configure:3231: gcc -E  conftest.c
configure:3237: $? = 0
configure:3269: gcc -E  conftest.c
conftest.c:12:28: ac_nonexistent.h: No such file or directory
configure:3275: $? = 1
configure: failed program was:
| /* confdefs.h.  */
| 
| #define PACKAGE_NAME "npfs"
| #define PACKAGE_TARNAME "npfs"
| #define PACKAGE_VERSION "0.1"
| #define PACKAGE_STRING "npfs 0.1"
| #define PACKAGE_BUGREPORT "ericvh@gmail.com"
| #define PACKAGE "npfs"
| #define VERSION "0.1"
| #define HAVE_DIRENT_H 1
| /* end confdefs.h.  */
| #include <ac_nonexistent.h>
configure:3319: checking for egrep
configure:3329: result: grep -E
configure:3334: checking for ANSI C header files
configure:3359: gcc -c -g -O2  conftest.c >&5
configure:3365: $? = 0
configure:3368: test -z 			 || test ! -s conftest.err
configure:3371: $? = 0
configure:3374: test -s conftest.o
configure:3377: $? = 0
configure:3466: gcc -o conftest -g -O2   conftest.c  >&5
configure:3469: $? = 0
configure:3471: ./conftest
configure:3474: $? = 0
configure:3489: result: yes
configure:3499: checking for sys/wait.h that is POSIX.1 compatible
configure:3530: gcc -c -g -O2  conftest.c >&5
configure:3536: $? = 0
configure:3539: test -z 			 || test ! -s conftest.err
configure:3542: $? = 0
configure:3545: test -s conftest.o
configure:3548: $? = 0
configure:3559: result: yes
configure:3583: checking for sys/types.h
configure:3599: gcc -c -g -O2  conftest.c >&5
configure:3605: $? = 0
configure:3608: test -z 			 || test ! -s conftest.err
configure:3611: $? = 0
configure:3614: test -s conftest.o
configure:3617: $? = 0
configure:3628: result: yes
configure:3583: checking for sys/stat.h
configure:3599: gcc -c -g -O2  conftest.c >&5
configure:3605: $? = 0
configure:3608: test -z 			 || test ! -s conftest.err
configure:3611: $? = 0
configure:3614: test -s conftest.o
configure:3617: $? = 0
configure:3628: result: yes
configure:3583: checking for stdlib.h
configure:3599: gcc -c -g -O2  conftest.c >&5
configure:3605: $? = 0
configure:3608: test -z 			 || test ! -s conftest.err
configure:3611: $? = 0
configure:3614: test -s conftest.o
configure:3617: $? = 0
configure:3628: result: yes
configure:3583: checking for string.h
configure:3599: gcc -c -g -O2  conftest.c >&5
configure:3605: $? = 0
configure:3608: test -z 			 || test ! -s conftest.err
configure:3611: $? = 0
configure:3614: test -s conftest.o
configure:3617: $? = 0
configure:3628: result: yes
configure:3583: checking for memory.h
configure:3599: gcc -c -g -O2  conftest.c >&5
configure:3605: $? = 0
configure:3608: test -z 			 || test ! -s conftest.err
configure:3611: $? = 0
configure:3614: test -s conftest.o
configure:3617: $? = 0
configure:3628: result: yes
configure:3583: checking for strings.h
configure:3599: gcc -c -g -O2  conftest.c >&5
configure:3605: $? = 0
configure:3608: test -z 			 || test ! -s conftest.err
configure:3611: $? = 0
configure:3614: test -s conftest.o
configure:3617: $? = 0
configure:3628: result: yes
configure:3583: checking for inttypes.h
configure:3599: gcc -c -g -O2  conftest.c >&5
configure:3605: $? = 0
configure:3608: test -z 			 || test ! -s conftest.err
configure:3611: $? = 0
configure:3614: test -s conftest.o
configure:3617: $? = 0
configure:3628: result: yes
configure:3583: checking for stdint.h
configure:3599: gcc -c -g -O2  conftest.c >&5
configure:3605: $? = 0
configure:3608: test -z 			 || test ! -s conftest.err
configure:3611: $? = 0
configure:3614: test -s conftest.o
configure:3617: $? = 0
configure:3628: result: yes
configure:3583: checking for unistd.h
configure:3599: gcc -c -g -O2  conftest.c >&5
configure:3605: $? = 0
configure:3608: test -z 			 || test ! -s conftest.err
configure:3611: $? = 0
configure:3614: test -s conftest.o
configure:3617: $? = 0
configure:3628: result: yes
configure:3663: checking arpa/inet.h usability
configure:3675: gcc -c -g -O2  conftest.c >&5
configure:3681: $? = 0
configure:3684: test -z 			 || test ! -s conftest.err
configure:3687: $? = 0
configure:3690: test -s conftest.o
configure:3693: $? = 0
configure:3703: result: yes
configure:3707: checking arpa/inet.h presence
configure:3717: gcc -E  conftest.c
configure:3723: $? = 0
configure:3743: result: yes
configure:3778: checking for arpa/inet.h
configure:3785: result: yes
configure:3663: checking fcntl.h usability
configure:3675: gcc -c -g -O2  conftest.c >&5
configure:3681: $? = 0
configure:3684: test -z 			 || test ! -s conftest.err
configure:3687: $? = 0
configure:3690: test -s conftest.o
configure:3693: $? = 0
configure:3703: result: yes
configure:3707: checking fcntl.h presence
configure:3717: gcc -E  conftest.c
configure:3723: $? = 0
configure:3743: result: yes
configure:3778: checking for fcntl.h
configure:3785: result: yes
configure:3663: checking netdb.h usability
configure:3675: gcc -c -g -O2  conftest.c >&5
configure:3681: $? = 0
configure:3684: test -z 			 || test ! -s conftest.err
configure:3687: $? = 0
configure:3690: test -s conftest.o
configure:3693: $? = 0
configure:3703: result: yes
configure:3707: checking netdb.h presence
configure:3717: gcc -E  conftest.c
configure:3723: $? = 0
configure:3743: result: yes
configure:3778: checking for netdb.h
configure:3785: result: yes
configure:3663: checking netinet/in.h usability
configure:3675: gcc -c -g -O2  conftest.c >&5
configure:3681: $? = 0
configure:3684: test -z 			 || test ! -s conftest.err
configure:3687: $? = 0
configure:3690: test -s conftest.o
configure:3693: $? = 0
configure:3703: result: yes
configure:3707: checking netinet/in.h presence
configure:3717: gcc -E  conftest.c
configure:3723: $? = 0
configure:3743: result: yes
configure:3778: checking for netinet/in.h
configure:3785: result: yes
configure:3654: checking for stdlib.h
configure:3659: result: yes
configure:3654: checking for string.h
configure:3659: result: yes
configure:3663: checking sys/mount.h usability
configure:3675: gcc -c -g -O2  conftest.c >&5
configure:3681: $? = 0
configure:3684: test -z 			 || test ! -s conftest.err
configure:3687: $? = 0
configure:3690: test -s conftest.o
configure:3693: $? = 0
configure:3703: result: yes
configure:3707: checking sys/mount.h presence
configure:3717: gcc -E  conftest.c
configure:3723: $? = 0
configure:3743: result: yes
configure:3778: checking for sys/mount.h
configure:3785: result: yes
configure:3663: checking sys/socket.h usability
configure:3675: gcc -c -g -O2  conftest.c >&5
configure:3681: $? = 0
configure:3684: test -z 			 || test ! -s conftest.err
configure:3687: $? = 0
configure:3690: test -s conftest.o
configure:3693: $? = 0
configure:3703: result: yes
configure:3707: checking sys/socket.h presence
configure:3717: gcc -E  conftest.c
configure:3723: $? = 0
configure:3743: result: yes
configure:3778: checking for sys/socket.h
configure:3785: result: yes
configure:3654: checking for unistd.h
configure:3659: result: yes
configure:3663: checking utime.h usability
configure:3675: gcc -c -g -O2  conftest.c >&5
configure:3681: $? = 0
configure:3684: test -z 			 || test ! -s conftest.err
configure:3687: $? = 0
configure:3690: test -s conftest.o
configure:3693: $? = 0
configure:3703: result: yes
configure:3707: checking utime.h presence
configure:3717: gcc -E  conftest.c
configure:3723: $? = 0
configure:3743: result: yes
configure:3778: checking for utime.h
configure:3785: result: yes
configure:3800: checking for an ANSI C-conforming const
configure:3867: gcc -c -g -O2  conftest.c >&5
configure:3873: $? = 0
configure:3876: test -z 			 || test ! -s conftest.err
configure:3879: $? = 0
configure:3882: test -s conftest.o
configure:3885: $? = 0
configure:3896: result: yes
configure:3906: checking for uid_t in sys/types.h
configure:3929: result: yes
configure:3944: checking for inline
configure:3965: gcc -c -g -O2  conftest.c >&5
configure:3971: $? = 0
configure:3974: test -z 			 || test ! -s conftest.err
configure:3977: $? = 0
configure:3980: test -s conftest.o
configure:3983: $? = 0
configure:3995: result: inline
configure:4014: checking for mode_t
configure:4038: gcc -c -g -O2  conftest.c >&5
configure:4044: $? = 0
configure:4047: test -z 			 || test ! -s conftest.err
configure:4050: $? = 0
configure:4053: test -s conftest.o
configure:4056: $? = 0
configure:4067: result: yes
configure:4079: checking for pid_t
configure:4103: gcc -c -g -O2  conftest.c >&5
configure:4109: $? = 0
configure:4112: test -z 			 || test ! -s conftest.err
configure:4115: $? = 0
configure:4118: test -s conftest.o
configure:4121: $? = 0
configure:4132: result: yes
configure:4144: checking for size_t
configure:4168: gcc -c -g -O2  conftest.c >&5
configure:4174: $? = 0
configure:4177: test -z 			 || test ! -s conftest.err
configure:4180: $? = 0
configure:4183: test -s conftest.o
configure:4186: $? = 0
configure:4197: result: yes
configure:4209: checking for struct stat.st_rdev
configure:4232: gcc -c -g -O2  conftest.c >&5
configure:4238: $? = 0
configure:4241: test -z 			 || test ! -s conftest.err
configure:4244: $? = 0
configure:4247: test -s conftest.o
configure:4250: $? = 0
configure:4306: result: yes
configure:4317: checking whether struct tm is in sys/time.h or time.h
configure:4340: gcc -c -g -O2  conftest.c >&5
configure:4346: $? = 0
configure:4349: test -z 			 || test ! -s conftest.err
configure:4352: $? = 0
configure:4355: test -s conftest.o
configure:4358: $? = 0
configure:4369: result: time.h
configure:4386: checking for unistd.h
configure:4391: result: yes
configure:4530: checking for working chown
configure:4569: gcc -o conftest -g -O2   conftest.c  >&5
configure:4572: $? = 0
configure:4574: ./conftest
configure:4577: $? = 0
configure:4593: result: yes
configure:4603: checking whether closedir returns void
configure:4632: gcc -o conftest -g -O2   conftest.c  >&5
configure:4635: $? = 0
configure:4637: ./conftest
configure:4640: $? = 0
configure:4654: result: no
configure:4664: checking for error_at_line
configure:4685: gcc -o conftest -g -O2   conftest.c  >&5
configure:4691: $? = 0
configure:4694: test -z 			 || test ! -s conftest.err
configure:4697: $? = 0
configure:4700: test -s conftest
configure:4703: $? = 0
configure:4715: result: yes
configure:4734: checking for unistd.h
configure:4739: result: yes
configure:4743: checking vfork.h usability
configure:4755: gcc -c -g -O2  conftest.c >&5
conftest.c:71:19: vfork.h: No such file or directory
configure:4761: $? = 1
configure: failed program was:
| /* confdefs.h.  */
| 
| #define PACKAGE_NAME "npfs"
| #define PACKAGE_TARNAME "npfs"
| #define PACKAGE_VERSION "0.1"
| #define PACKAGE_STRING "npfs 0.1"
| #define PACKAGE_BUGREPORT "ericvh@gmail.com"
| #define PACKAGE "npfs"
| #define VERSION "0.1"
| #define HAVE_DIRENT_H 1
| #define STDC_HEADERS 1
| #define HAVE_SYS_WAIT_H 1
| #define HAVE_SYS_TYPES_H 1
| #define HAVE_SYS_STAT_H 1
| #define HAVE_STDLIB_H 1
| #define HAVE_STRING_H 1
| #define HAVE_MEMORY_H 1
| #define HAVE_STRINGS_H 1
| #define HAVE_INTTYPES_H 1
| #define HAVE_STDINT_H 1
| #define HAVE_UNISTD_H 1
| #define HAVE_ARPA_INET_H 1
| #define HAVE_FCNTL_H 1
| #define HAVE_NETDB_H 1
| #define HAVE_NETINET_IN_H 1
| #define HAVE_STDLIB_H 1
| #define HAVE_STRING_H 1
| #define HAVE_SYS_MOUNT_H 1
| #define HAVE_SYS_SOCKET_H 1
| #define HAVE_UNISTD_H 1
| #define HAVE_UTIME_H 1
| #define HAVE_STRUCT_STAT_ST_RDEV 1
| #define HAVE_UNISTD_H 1
| #define HAVE_CHOWN 1
| #define HAVE_UNISTD_H 1
| /* end confdefs.h.  */
| #include <stdio.h>
| #if HAVE_SYS_TYPES_H
| # include <sys/types.h>
| #endif
| #if HAVE_SYS_STAT_H
| # include <sys/stat.h>
| #endif
| #if STDC_HEADERS
| # include <stdlib.h>
| # include <stddef.h>
| #else
| # if HAVE_STDLIB_H
| #  include <stdlib.h>
| # endif
| #endif
| #if HAVE_STRING_H
| # if !STDC_HEADERS && HAVE_MEMORY_H
| #  include <memory.h>
| # endif
| # include <string.h>
| #endif
| #if HAVE_STRINGS_H
| # include <strings.h>
| #endif
| #if HAVE_INTTYPES_H
| # include <inttypes.h>
| #else
| # if HAVE_STDINT_H
| #  include <stdint.h>
| # endif
| #endif
| #if HAVE_UNISTD_H
| # include <unistd.h>
| #endif
| #include <vfork.h>
configure:4783: result: no
configure:4787: checking vfork.h presence
configure:4797: gcc -E  conftest.c
conftest.c:37:19: vfork.h: No such file or directory
configure:4803: $? = 1
configure: failed program was:
| /* confdefs.h.  */
| 
| #define PACKAGE_NAME "npfs"
| #define PACKAGE_TARNAME "npfs"
| #define PACKAGE_VERSION "0.1"
| #define PACKAGE_STRING "npfs 0.1"
| #define PACKAGE_BUGREPORT "ericvh@gmail.com"
| #define PACKAGE "npfs"
| #define VERSION "0.1"
| #define HAVE_DIRENT_H 1
| #define STDC_HEADERS 1
| #define HAVE_SYS_WAIT_H 1
| #define HAVE_SYS_TYPES_H 1
| #define HAVE_SYS_STAT_H 1
| #define HAVE_STDLIB_H 1
| #define HAVE_STRING_H 1
| #define HAVE_MEMORY_H 1
| #define HAVE_STRINGS_H 1
| #define HAVE_INTTYPES_H 1
| #define HAVE_STDINT_H 1
| #define HAVE_UNISTD_H 1
| #define HAVE_ARPA_INET_H 1
| #define HAVE_FCNTL_H 1
| #define HAVE_NETDB_H 1
| #define HAVE_NETINET_IN_H 1
| #define HAVE_STDLIB_H 1
| #define HAVE_STRING_H 1
| #define HAVE_SYS_MOUNT_H 1
| #define HAVE_SYS_SOCKET_H 1
| #define HAVE_UNISTD_H 1
| #define HAVE_UTIME_H 1
| #define HAVE_STRUCT_STAT_ST_RDEV 1
| #define HAVE_UNISTD_H 1
| #define HAVE_CHOWN 1
| #define HAVE_UNISTD_H 1
| /* end confdefs.h.  */
| #include <vfork.h>
configure:4823: result: no
configure:4858: checking for vfork.h
configure:4865: result: no
configure:4883: checking for fork
configure:4940: gcc -o conftest -g -O2   conftest.c  >&5
configure:4946: $? = 0
configure:4949: test -z 			 || test ! -s conftest.err
configure:4952: $? = 0
configure:4955: test -s conftest
configure:4958: $? = 0
configure:4970: result: yes
configure:4883: checking for vfork
configure:4940: gcc -o conftest -g -O2   conftest.c  >&5
configure:4946: $? = 0
configure:4949: test -z 			 || test ! -s conftest.err
configure:4952: $? = 0
configure:4955: test -s conftest
configure:4958: $? = 0
configure:4970: result: yes
configure:4981: checking for working fork
configure:5004: gcc -o conftest -g -O2   conftest.c  >&5
configure:5007: $? = 0
configure:5009: ./conftest
configure:5012: $? = 0
configure:5026: result: yes
configure:5047: checking for working vfork
configure:5180: result: yes
configure:5211: checking type of array argument to getgroups
configure:5249: gcc -o conftest -g -O2   conftest.c  >&5
configure:5252: $? = 0
configure:5254: ./conftest
configure:5257: $? = 0
configure:5290: result: gid_t
configure:5298: checking for getgroups
configure:5355: gcc -o conftest -g -O2   conftest.c  >&5
configure:5361: $? = 0
configure:5364: test -z 			 || test ! -s conftest.err
configure:5367: $? = 0
configure:5370: test -s conftest
configure:5373: $? = 0
configure:5385: result: yes
configure:5465: checking for working getgroups
configure:5490: gcc -o conftest -g -O2   conftest.c  >&5
configure:5493: $? = 0
configure:5495: ./conftest
configure:5498: $? = 0
configure:5513: result: yes
configure:5525: checking whether lstat dereferences a symlink specified with a trailing slash
configure:5556: gcc -o conftest -g -O2   conftest.c  >&5
configure:5559: $? = 0
configure:5561: ./conftest
configure:5564: $? = 0
configure:5585: result: yes
configure:5606: checking whether lstat accepts an empty string
configure:5631: gcc -o conftest -g -O2   conftest.c  >&5
configure:5634: $? = 0
configure:5636: ./conftest
configure:5639: $? = 1
configure: program exited with status 1
configure: failed program was:
| /* confdefs.h.  */
| 
| #define PACKAGE_NAME "npfs"
| #define PACKAGE_TARNAME "npfs"
| #define PACKAGE_VERSION "0.1"
| #define PACKAGE_STRING "npfs 0.1"
| #define PACKAGE_BUGREPORT "ericvh@gmail.com"
| #define PACKAGE "npfs"
| #define VERSION "0.1"
| #define HAVE_DIRENT_H 1
| #define STDC_HEADERS 1
| #define HAVE_SYS_WAIT_H 1
| #define HAVE_SYS_TYPES_H 1
| #define HAVE_SYS_STAT_H 1
| #define HAVE_STDLIB_H 1
| #define HAVE_STRING_H 1
| #define HAVE_MEMORY_H 1
| #define HAVE_STRINGS_H 1
| #define HAVE_INTTYPES_H 1
| #define HAVE_STDINT_H 1
| #define HAVE_UNISTD_H 1
| #define HAVE_ARPA_INET_H 1
| #define HAVE_FCNTL_H 1
| #define HAVE_NETDB_H 1
| #define HAVE_NETINET_IN_H 1
| #define HAVE_STDLIB_H 1
| #define HAVE_STRING_H 1
| #define HAVE_SYS_MOUNT_H 1
| #define HAVE_SYS_SOCKET_H 1
| #define HAVE_UNISTD_H 1
| #define HAVE_UTIME_H 1
| #define HAVE_STRUCT_STAT_ST_RDEV 1
| #define HAVE_UNISTD_H 1
| #define HAVE_CHOWN 1
| #define HAVE_UNISTD_H 1
| #define HAVE_FORK 1
| #define HAVE_VFORK 1
| #define HAVE_WORKING_VFORK 1
| #define HAVE_WORKING_FORK 1
| #define GETGROUPS_T gid_t
| #define HAVE_GETGROUPS 1
| #define LSTAT_FOLLOWS_SLASHED_SYMLINK 1
| /* end confdefs.h.  */
| #include <stdio.h>
| #if HAVE_SYS_TYPES_H
| # include <sys/types.h>
| #endif
| #if HAVE_SYS_STAT_H
| # include <sys/stat.h>
| #endif
| #if STDC_HEADERS
| # include <stdlib.h>
| # include <stddef.h>
| #else
| # if HAVE_STDLIB_H
| #  include <stdlib.h>
| # endif
| #endif
| #if HAVE_STRING_H
| # if !STDC_HEADERS && HAVE_MEMORY_H
| #  include <memory.h>
| # endif
| # include <string.h>
| #endif
| #if HAVE_STRINGS_H
| # include <strings.h>
| #endif
| #if HAVE_INTTYPES_H
| # include <inttypes.h>
| #else
| # if HAVE_STDINT_H
| #  include <stdint.h>
| # endif
| #endif
| #if HAVE_UNISTD_H
| # include <unistd.h>
| #endif
| int
| main ()
| {
| struct stat sbuf;
|   exit (lstat ("", &sbuf) ? 1 : 0);
|   ;
|   return 0;
| }
configure:5653: result: no
configure:5671: checking whether lstat dereferences a symlink specified with a trailing slash
configure:5731: result: yes
configure:5757: checking for stdlib.h
configure:5762: result: yes
configure:5901: checking for GNU libc compatible malloc
configure:5930: gcc -o conftest -g -O2   conftest.c  >&5
configure:5933: $? = 0
configure:5935: ./conftest
configure:5938: $? = 0
configure:5952: result: yes
configure:5982: checking whether time.h and sys/time.h may both be included
configure:6007: gcc -c -g -O2  conftest.c >&5
configure:6013: $? = 0
configure:6016: test -z 			 || test ! -s conftest.err
configure:6019: $? = 0
configure:6022: test -s conftest.o
configure:6025: $? = 0
configure:6036: result: yes
configure:6053: checking for stdlib.h
configure:6058: result: yes
configure:6062: checking sys/time.h usability
configure:6074: gcc -c -g -O2  conftest.c >&5
configure:6080: $? = 0
configure:6083: test -z 			 || test ! -s conftest.err
configure:6086: $? = 0
configure:6089: test -s conftest.o
configure:6092: $? = 0
configure:6102: result: yes
configure:6106: checking sys/time.h presence
configure:6116: gcc -E  conftest.c
configure:6122: $? = 0
configure:6142: result: yes
configure:6177: checking for sys/time.h
configure:6184: result: yes
configure:6053: checking for unistd.h
configure:6058: result: yes
configure:6201: checking for alarm
configure:6258: gcc -o conftest -g -O2   conftest.c  >&5
configure:6264: $? = 0
configure:6267: test -z 			 || test ! -s conftest.err
configure:6270: $? = 0
configure:6273: test -s conftest
configure:6276: $? = 0
configure:6288: result: yes
configure:6298: checking for working mktime
configure:6474: gcc -o conftest -g -O2   conftest.c  >&5
configure:6477: $? = 0
configure:6479: ./conftest
configure:6482: $? = 0
configure:6496: result: yes
configure:6514: checking for stdlib.h
configure:6519: result: yes
configure:6658: checking for GNU libc compatible realloc
configure:6687: gcc -o conftest -g -O2   conftest.c  >&5
configure:6690: $? = 0
configure:6692: ./conftest
configure:6695: $? = 0
configure:6709: result: yes
configure:6739: checking whether stat accepts an empty string
configure:6764: gcc -o conftest -g -O2   conftest.c  >&5
configure:6767: $? = 0
configure:6769: ./conftest
configure:6772: $? = 1
configure: program exited with status 1
configure: failed program was:
| /* confdefs.h.  */
| 
| #define PACKAGE_NAME "npfs"
| #define PACKAGE_TARNAME "npfs"
| #define PACKAGE_VERSION "0.1"
| #define PACKAGE_STRING "npfs 0.1"
| #define PACKAGE_BUGREPORT "ericvh@gmail.com"
| #define PACKAGE "npfs"
| #define VERSION "0.1"
| #define HAVE_DIRENT_H 1
| #define STDC_HEADERS 1
| #define HAVE_SYS_WAIT_H 1
| #define HAVE_SYS_TYPES_H 1
| #define HAVE_SYS_STAT_H 1
| #define HAVE_STDLIB_H 1
| #define HAVE_STRING_H 1
| #define HAVE_MEMORY_H 1
| #define HAVE_STRINGS_H 1
| #define HAVE_INTTYPES_H 1
| #define HAVE_STDINT_H 1
| #define HAVE_UNISTD_H 1
| #define HAVE_ARPA_INET_H 1
| #define HAVE_FCNTL_H 1
| #define HAVE_NETDB_H 1
| #define HAVE_NETINET_IN_H 1
| #define HAVE_STDLIB_H 1
| #define HAVE_STRING_H 1
| #define HAVE_SYS_MOUNT_H 1
| #define HAVE_SYS_SOCKET_H 1
| #define HAVE_UNISTD_H 1
| #define HAVE_UTIME_H 1
| #define HAVE_STRUCT_STAT_ST_RDEV 1
| #define HAVE_UNISTD_H 1
| #define HAVE_CHOWN 1
| #define HAVE_UNISTD_H 1
| #define HAVE_FORK 1
| #define HAVE_VFORK 1
| #define HAVE_WORKING_VFORK 1
| #define HAVE_WORKING_FORK 1
| #define GETGROUPS_T gid_t
| #define HAVE_GETGROUPS 1
| #define LSTAT_FOLLOWS_SLASHED_SYMLINK 1
| #define LSTAT_FOLLOWS_SLASHED_SYMLINK 1
| #define HAVE_STDLIB_H 1
| #define HAVE_MALLOC 1
| #define TIME_WITH_SYS_TIME 1
| #define HAVE_STDLIB_H 1
| #define HAVE_SYS_TIME_H 1
| #define HAVE_UNISTD_H 1
| #define HAVE_ALARM 1
| #define HAVE_STDLIB_H 1
| #define HAVE_REALLOC 1
| /* end confdefs.h.  */
| #include <stdio.h>
| #if HAVE_SYS_TYPES_H
| # include <sys/types.h>
| #endif
| #if HAVE_SYS_STAT_H
| # include <sys/stat.h>
| #endif
| #if STDC_HEADERS
| # include <stdlib.h>
| # include <stddef.h>
| #else
| # if HAVE_STDLIB_H
| #  include <stdlib.h>
| # endif
| #endif
| #if HAVE_STRING_H
| # if !STDC_HEADERS && HAVE_MEMORY_H
| #  include <memory.h>
| # endif
| # include <string.h>
| #endif
| #if HAVE_STRINGS_H
| # include <strings.h>
| #endif
| #if HAVE_INTTYPES_H
| # include <inttypes.h>
| #else
| # if HAVE_STDINT_H
| #  include <stdint.h>
| # endif
| #endif
| #if HAVE_UNISTD_H
| # include <unistd.h>
| #endif
| int
| main ()
| {
| struct stat sbuf;
|   exit (stat ("", &sbuf) ? 1 : 0);
|   ;
|   return 0;
| }
configure:6786: result: no
configure:6804: checking whether strerror_r is declared
configure:6828: gcc -c -g -O2  conftest.c >&5
configure:6834: $? = 0
configure:6837: test -z 			 || test ! -s conftest.err
configure:6840: $? = 0
configure:6843: test -s conftest.o
configure:6846: $? = 0
configure:6857: result: yes
configure:6879: checking for strerror_r
configure:6936: gcc -o conftest -g -O2   conftest.c  >&5
configure:6942: $? = 0
configure:6945: test -z 			 || test ! -s conftest.err
configure:6948: $? = 0
configure:6951: test -s conftest
configure:6954: $? = 0
configure:6966: result: yes
configure:6976: checking whether strerror_r returns char *
configure:7004: gcc -c -g -O2  conftest.c >&5
configure:7010: $? = 0
configure:7013: test -z 			 || test ! -s conftest.err
configure:7016: $? = 0
configure:7019: test -s conftest.o
configure:7022: $? = 0
configure:7082: result: yes
configure:7092: checking whether utime accepts a null argument
configure:7123: gcc -o conftest -g -O2   conftest.c  >&5
configure:7126: $? = 0
configure:7128: ./conftest
configure:7131: $? = 0
configure:7146: result: yes
configure:7174: checking for dup2
configure:7231: gcc -o conftest -g -O2   conftest.c  >&5
configure:7237: $? = 0
configure:7240: test -z 			 || test ! -s conftest.err
configure:7243: $? = 0
configure:7246: test -s conftest
configure:7249: $? = 0
configure:7261: result: yes
configure:7174: checking for gethostbyname
configure:7231: gcc -o conftest -g -O2   conftest.c  >&5
configure:7237: $? = 0
configure:7240: test -z 			 || test ! -s conftest.err
configure:7243: $? = 0
configure:7246: test -s conftest
configure:7249: $? = 0
configure:7261: result: yes
configure:7174: checking for inet_ntoa
configure:7231: gcc -o conftest -g -O2   conftest.c  >&5
configure:7237: $? = 0
configure:7240: test -z 			 || test ! -s conftest.err
configure:7243: $? = 0
configure:7246: test -s conftest
configure:7249: $? = 0
configure:7261: result: yes
configure:7174: checking for localtime_r
configure:7231: gcc -o conftest -g -O2   conftest.c  >&5
configure:7237: $? = 0
configure:7240: test -z 			 || test ! -s conftest.err
configure:7243: $? = 0
configure:7246: test -s conftest
configure:7249: $? = 0
configure:7261: result: yes
configure:7174: checking for memmove
configure:7231: gcc -o conftest -g -O2   conftest.c  >&5
conftest.c:86: warning: conflicting types for built-in function 'memmove'
configure:7237: $? = 0
configure:7240: test -z 			 || test ! -s conftest.err
configure:7243: $? = 0
configure:7246: test -s conftest
configure:7249: $? = 0
configure:7261: result: yes
configure:7174: checking for memset
configure:7231: gcc -o conftest -g -O2   conftest.c  >&5
conftest.c:87: warning: conflicting types for built-in function 'memset'
configure:7237: $? = 0
configure:7240: test -z 			 || test ! -s conftest.err
configure:7243: $? = 0
configure:7246: test -s conftest
configure:7249: $? = 0
configure:7261: result: yes
configure:7174: checking for mkdir
configure:7231: gcc -o conftest -g -O2   conftest.c  >&5
configure:7237: $? = 0
configure:7240: test -z 			 || test ! -s conftest.err
configure:7243: $? = 0
configure:7246: test -s conftest
configure:7249: $? = 0
configure:7261: result: yes
configure:7174: checking for rmdir
configure:7231: gcc -o conftest -g -O2   conftest.c  >&5
configure:7237: $? = 0
configure:7240: test -z 			 || test ! -s conftest.err
configure:7243: $? = 0
configure:7246: test -s conftest
configure:7249: $? = 0
configure:7261: result: yes
configure:7174: checking for socket
configure:7231: gcc -o conftest -g -O2   conftest.c  >&5
configure:7237: $? = 0
configure:7240: test -z 			 || test ! -s conftest.err
configure:7243: $? = 0
configure:7246: test -s conftest
configure:7249: $? = 0
configure:7261: result: yes
configure:7174: checking for strdup
configure:7231: gcc -o conftest -g -O2   conftest.c  >&5
conftest.c:91: warning: conflicting types for built-in function 'strdup'
configure:7237: $? = 0
configure:7240: test -z 			 || test ! -s conftest.err
configure:7243: $? = 0
configure:7246: test -s conftest
configure:7249: $? = 0
configure:7261: result: yes
configure:7174: checking for strerror
configure:7231: gcc -o conftest -g -O2   conftest.c  >&5
configure:7237: $? = 0
configure:7240: test -z 			 || test ! -s conftest.err
configure:7243: $? = 0
configure:7246: test -s conftest
configure:7249: $? = 0
configure:7261: result: yes
configure:7174: checking for strrchr
configure:7231: gcc -o conftest -g -O2   conftest.c  >&5
conftest.c:93: warning: conflicting types for built-in function 'strrchr'
configure:7237: $? = 0
configure:7240: test -z 			 || test ! -s conftest.err
configure:7243: $? = 0
configure:7246: test -s conftest
configure:7249: $? = 0
configure:7261: result: yes
configure:7174: checking for strtol
configure:7231: gcc -o conftest -g -O2   conftest.c  >&5
configure:7237: $? = 0
configure:7240: test -z 			 || test ! -s conftest.err
configure:7243: $? = 0
configure:7246: test -s conftest
configure:7249: $? = 0
configure:7261: result: yes
configure:7174: checking for utime
configure:7231: gcc -o conftest -g -O2   conftest.c  >&5
configure:7237: $? = 0
configure:7240: test -z 			 || test ! -s conftest.err
configure:7243: $? = 0
configure:7246: test -s conftest
configure:7249: $? = 0
configure:7261: result: yes
configure:7369: creating ./config.status

## ---------------------- ##
## Running config.status. ##
## ---------------------- ##

This file was extended by npfs config.status 0.1, which was
generated by GNU Autoconf 2.59.  Invocation command line was

  CONFIG_FILES    = 
  CONFIG_HEADERS  = 
  CONFIG_LINKS    = 
  CONFIG_COMMANDS = 
  $ ./config.status 

on arlx003.austin.ibm.com

config.status:724: creating Makefile
config.status:724: creating fs/Makefile
config.status:724: creating libnpfs/Makefile
config.status:724: creating npfs.lsm
config.status:724: creating npfs.spec
config.status:790: creating config.h
config.status:1172: executing default-1 commands

## ---------------- ##
## Cache variables. ##
## ---------------- ##

ac_cv_build=i686-pc-linux-gnu
ac_cv_build_alias=i686-pc-linux-gnu
ac_cv_c_compiler_gnu=yes
ac_cv_c_const=yes
ac_cv_c_inline=inline
ac_cv_env_CC_set=
ac_cv_env_CC_value=
ac_cv_env_CFLAGS_set=
ac_cv_env_CFLAGS_value=
ac_cv_env_CPPFLAGS_set=
ac_cv_env_CPPFLAGS_value=
ac_cv_env_CPP_set=
ac_cv_env_CPP_value=
ac_cv_env_LDFLAGS_set=
ac_cv_env_LDFLAGS_value=
ac_cv_env_build_alias_set=
ac_cv_env_build_alias_value=
ac_cv_env_host_alias_set=
ac_cv_env_host_alias_value=
ac_cv_env_target_alias_set=
ac_cv_env_target_alias_value=
ac_cv_exeext=
ac_cv_func_alarm=yes
ac_cv_func_chown_works=yes
ac_cv_func_closedir_void=no
ac_cv_func_dup2=yes
ac_cv_func_fork=yes
ac_cv_func_fork_works=yes
ac_cv_func_getgroups=yes
ac_cv_func_getgroups_works=yes
ac_cv_func_gethostbyname=yes
ac_cv_func_inet_ntoa=yes
ac_cv_func_localtime_r=yes
ac_cv_func_lstat_dereferences_slashed_symlink=yes
ac_cv_func_lstat_empty_string_bug=no
ac_cv_func_malloc_0_nonnull=yes
ac_cv_func_memmove=yes
ac_cv_func_memset=yes
ac_cv_func_mkdir=yes
ac_cv_func_realloc_0_nonnull=yes
ac_cv_func_rmdir=yes
ac_cv_func_socket=yes
ac_cv_func_stat_empty_string_bug=no
ac_cv_func_strdup=yes
ac_cv_func_strerror=yes
ac_cv_func_strerror_r=yes
ac_cv_func_strerror_r_char_p=yes
ac_cv_func_strrchr=yes
ac_cv_func_strtol=yes
ac_cv_func_utime=yes
ac_cv_func_utime_null=yes
ac_cv_func_vfork=yes
ac_cv_func_vfork_works=yes
ac_cv_func_working_mktime=yes
ac_cv_have_decl_strerror_r=yes
ac_cv_header_arpa_inet_h=yes
ac_cv_header_dirent_dirent_h=yes
ac_cv_header_fcntl_h=yes
ac_cv_header_inttypes_h=yes
ac_cv_header_memory_h=yes
ac_cv_header_netdb_h=yes
ac_cv_header_netinet_in_h=yes
ac_cv_header_stdc=yes
ac_cv_header_stdint_h=yes
ac_cv_header_stdlib_h=yes
ac_cv_header_string_h=yes
ac_cv_header_strings_h=yes
ac_cv_header_sys_mount_h=yes
ac_cv_header_sys_socket_h=yes
ac_cv_header_sys_stat_h=yes
ac_cv_header_sys_time_h=yes
ac_cv_header_sys_types_h=yes
ac_cv_header_sys_wait_h=yes
ac_cv_header_time=yes
ac_cv_header_unistd_h=yes
ac_cv_header_utime_h=yes
ac_cv_header_vfork_h=no
ac_cv_host=i686-pc-linux-gnu
ac_cv_host_alias=i686-pc-linux-gnu
ac_cv_lib_error_at_line=yes
ac_cv_member_struct_stat_st_rdev=yes
ac_cv_objext=o
ac_cv_path_install='/usr/bin/install -c'
ac_cv_prog_CPP='gcc -E'
ac_cv_prog_ac_ct_CC=gcc
ac_cv_prog_ac_ct_RANLIB=ranlib
ac_cv_prog_cc_g=yes
ac_cv_prog_cc_stdc=
ac_cv_prog_egrep='grep -E'
ac_cv_prog_make_make_set=yes
ac_cv_search_opendir='none required'
ac_cv_struct_tm=time.h
ac_cv_type_getgroups=gid_t
ac_cv_type_mode_t=yes
ac_cv_type_pid_t=yes
ac_cv_type_size_t=yes
ac_cv_type_uid_t=yes

## ----------------- ##
## Output variables. ##
## ----------------- ##

ACLOCAL='aclocal-1.4'
AUTOCONF='autoconf'
AUTOHEADER='autoheader'
AUTOMAKE='automake-1.4'
CC='gcc'
CFLAGS='-g -O2'
CPP='gcc -E'
CPPFLAGS=''
DEFS='-DHAVE_CONFIG_H'
ECHO_C=''
ECHO_N='-n'
ECHO_T=''
EGREP='grep -E'
EXEEXT=''
INSTALL_DATA='${INSTALL} -m 644'
INSTALL_PROGRAM='${INSTALL}'
INSTALL_SCRIPT='${INSTALL}'
ISODATE='2006-06-19'
LDFLAGS=''
LIBOBJS=''
LIBS=''
LTLIBOBJS=''
MAKEINFO='makeinfo'
OBJEXT='o'
PACKAGE='npfs'
PACKAGE_BUGREPORT='ericvh@gmail.com'
PACKAGE_NAME='npfs'
PACKAGE_STRING='npfs 0.1'
PACKAGE_TARNAME='npfs'
PACKAGE_VERSION='0.1'
PATH_SEPARATOR=':'
RANLIB='ranlib'
SET_MAKE=''
SHELL='/bin/sh'
VERSION='0.1'
ac_aux_dir='config'
ac_ct_CC='gcc'
ac_ct_RANLIB='ranlib'
bindir='${exec_prefix}/bin'
build='i686-pc-linux-gnu'
build_alias=''
build_cpu='i686'
build_os='linux-gnu'
build_vendor='pc'
datadir='${prefix}/share'
exec_prefix='${prefix}'
host='i686-pc-linux-gnu'
host_alias=''
host_cpu='i686'
host_os='linux-gnu'
host_vendor='pc'
includedir='${prefix}/include'
infodir='${prefix}/info'
libdir='${exec_prefix}/lib'
libexecdir='${exec_prefix}/libexec'
localstatedir='${prefix}/var'
mandir='${prefix}/man'
oldincludedir='/usr/include'
prefix='/usr/local'
program_transform_name='s,x,x,'
sbindir='${exec_prefix}/sbin'
sharedstatedir='${prefix}/com'
sysconfdir='${prefix}/etc'
target_alias=''

## ----------- ##
## confdefs.h. ##
## ----------- ##

#define GETGROUPS_T gid_t
#define HAVE_ALARM 1
#define HAVE_ARPA_INET_H 1
#define HAVE_CHOWN 1
#define HAVE_DECL_STRERROR_R 1
#define HAVE_DIRENT_H 1
#define HAVE_DUP2 1
#define HAVE_FCNTL_H 1
#define HAVE_FORK 1
#define HAVE_GETGROUPS 1
#define HAVE_GETHOSTBYNAME 1
#define HAVE_INET_NTOA 1
#define HAVE_INTTYPES_H 1
#define HAVE_LOCALTIME_R 1
#define HAVE_MALLOC 1
#define HAVE_MEMMOVE 1
#define HAVE_MEMORY_H 1
#define HAVE_MEMSET 1
#define HAVE_MKDIR 1
#define HAVE_NETDB_H 1
#define HAVE_NETINET_IN_H 1
#define HAVE_REALLOC 1
#define HAVE_RMDIR 1
#define HAVE_SOCKET 1
#define HAVE_STDINT_H 1
#define HAVE_STDLIB_H 1
#define HAVE_STDLIB_H 1
#define HAVE_STDLIB_H 1
#define HAVE_STDLIB_H 1
#define HAVE_STDLIB_H 1
#define HAVE_STRDUP 1
#define HAVE_STRERROR 1
#define HAVE_STRERROR_R 1
#define HAVE_STRINGS_H 1
#define HAVE_STRING_H 1
#define HAVE_STRING_H 1
#define HAVE_STRRCHR 1
#define HAVE_STRTOL 1
#define HAVE_STRUCT_STAT_ST_RDEV 1
#define HAVE_SYS_MOUNT_H 1
#define HAVE_SYS_SOCKET_H 1
#define HAVE_SYS_STAT_H 1
#define HAVE_SYS_TIME_H 1
#define HAVE_SYS_TYPES_H 1
#define HAVE_SYS_WAIT_H 1
#define HAVE_UNISTD_H 1
#define HAVE_UNISTD_H 1
#define HAVE_UNISTD_H 1
#define HAVE_UNISTD_H 1
#define HAVE_UNISTD_H 1
#define HAVE_UTIME 1
#define HAVE_UTIME_H 1
#define HAVE_UTIME_NULL 1
#define HAVE_VFORK 1
#define HAVE_WORKING_FORK 1
#define HAVE_WORKING_VFORK 1
#define LSTAT_FOLLOWS_SLASHED_SYMLINK 1
#define LSTAT_FOLLOWS_SLASHED_SYMLINK 1
#define PACKAGE "npfs"
#define PACKAGE_BUGREPORT "ericvh@gmail.com"
#define PACKAGE_NAME "npfs"
#define PACKAGE_STRING "npfs 0.1"
#define PACKAGE_TARNAME "npfs"
#define PACKAGE_VERSION "0.1"
#define STDC_HEADERS 1
#define STRERROR_R_CHAR_P 1
#define TIME_WITH_SYS_TIME 1
#define VERSION "0.1"

configure: exit 0

## ---------------------- ##
## Running config.status. ##
## ---------------------- ##

This file was extended by npfs config.status 0.1, which was
generated by GNU Autoconf 2.59.  Invocation command line was

  CONFIG_FILES    = libnpfs/Makefile
  CONFIG_HEADERS  = 
  CONFIG_LINKS    = 
  CONFIG_COMMANDS = 
  $ ./config.status 

on spitz.cs.indiana.edu

config.status:724: creating libnpfs/Makefile
config.status:1172: executing default-1 commands
